<?xml version="1.0" encoding="UTF-8" ?>
<testsuite tests="1" failures="0" name="test.util.StringTest" time="0" errors="0" skipped="0">
  <properties>
    <property name="java.runtime.name" value="Java(TM) SE Runtime Environment"/>
    <property name="sun.boot.library.path" value="E:\Environment\Java\jdk-8\jre\bin"/>
    <property name="java.vm.version" value="25.151-b12"/>
    <property name="java.vm.vendor" value="Oracle Corporation"/>
    <property name="maven.multiModuleProjectDirectory" value="E:\Codes\IdeaCodes\jtcomponent"/>
    <property name="java.vendor.url" value="http://java.oracle.com/"/>
    <property name="path.separator" value=";"/>
    <property name="guice.disable.misplaced.annotation.check" value="true"/>
    <property name="java.vm.name" value="Java HotSpot(TM) 64-Bit Server VM"/>
    <property name="file.encoding.pkg" value="sun.io"/>
    <property name="user.script" value=""/>
    <property name="user.country" value="US"/>
    <property name="sun.java.launcher" value="SUN_STANDARD"/>
    <property name="sun.os.patch.level" value=""/>
    <property name="java.vm.specification.name" value="Java Virtual Machine Specification"/>
    <property name="user.dir" value="E:\Codes\IdeaCodes\jtcomponent"/>
    <property name="java.runtime.version" value="1.8.0_151-b12"/>
    <property name="java.awt.graphicsenv" value="sun.awt.Win32GraphicsEnvironment"/>
    <property name="java.endorsed.dirs" value="E:\Environment\Java\jdk-8\jre\lib\endorsed"/>
    <property name="os.arch" value="amd64"/>
    <property name="java.io.tmpdir" value="C:\Users\11718\AppData\Local\Temp\"/>
    <property name="line.separator" value="
"/>
    <property name="java.vm.specification.vendor" value="Oracle Corporation"/>
    <property name="user.variant" value=""/>
    <property name="os.name" value="Windows 10"/>
    <property name="classworlds.conf" value="E:\Environment\maven\apache-maven-3.5.2\bin\m2.conf"/>
    <property name="sun.jnu.encoding" value="GBK"/>
    <property name="java.library.path" value="E:\Environment\Java\jdk-8\bin;C:\Windows\Sun\Java\bin;C:\Windows\system32;C:\Windows;E:\Tools\ideaIU-2018.3.win\jre64\\bin;E:\Tools\ideaIU-2018.3.win\jre64\\bin\server;E:\Tools\NetSarang\Xshell 6\;C:\Windows\system32;C:\Windows;C:\Windows\System32\Wbem;C:\Windows\System32\WindowsPowerShell\v1.0\;C:\Windows\System32\OpenSSH\;C:\Program Files (x86)\NVIDIA Corporation\PhysX\Common;E:\Environment\Git\cmd;C:\Program Files\dotnet\;C:\Program Files (x86)\dotnet\;E:\Environment\nodejs\;C:\Users\11718\AppData\Local\Microsoft\WindowsApps;E:\Environment\Java\jdk-8\bin;E:\Environment\GNU\GnuPG;E:\Environment\maven\apache-maven-3.5.2\bin;E:\Environment\gradle\gradle-4.10\bin;E:\Environment\npm\global_libs;E:\Environment\nodejs\;E:\Environment\OracleDB\product\12.2.0\dbhome_1\bin;E:\Environment\Git\cmd;;."/>
    <property name="maven.conf" value="E:\Environment\maven\apache-maven-3.5.2/conf"/>
    <property name="java.specification.name" value="Java Platform API Specification"/>
    <property name="java.class.version" value="52.0"/>
    <property name="sun.management.compiler" value="HotSpot 64-Bit Tiered Compilers"/>
    <property name="os.version" value="10.0"/>
    <property name="user.home" value="C:\Users\11718"/>
    <property name="user.timezone" value="Asia/Shanghai"/>
    <property name="java.awt.printerjob" value="sun.awt.windows.WPrinterJob"/>
    <property name="java.specification.version" value="1.8"/>
    <property name="file.encoding" value="UTF-8"/>
    <property name="user.name" value="11718"/>
    <property name="java.class.path" value="E:\Environment\maven\apache-maven-3.5.2\boot\plexus-classworlds-2.5.2.jar;E:\Tools\ideaIU-2018.3.win\lib\idea_rt.jar"/>
    <property name="java.vm.specification.version" value="1.8"/>
    <property name="sun.arch.data.model" value="64"/>
    <property name="java.home" value="E:\Environment\Java\jdk-8\jre"/>
    <property name="sun.java.command" value="org.codehaus.classworlds.Launcher -Didea.version2019.1.4 -s E:\Environment\maven\settings.xml install"/>
    <property name="java.specification.vendor" value="Oracle Corporation"/>
    <property name="user.language" value="en"/>
    <property name="idea.version2019.1.4" value="true"/>
    <property name="awt.toolkit" value="sun.awt.windows.WToolkit"/>
    <property name="java.vm.info" value="mixed mode"/>
    <property name="java.version" value="1.8.0_151"/>
    <property name="java.ext.dirs" value="E:\Environment\Java\jdk-8\jre\lib\ext;C:\Windows\Sun\Java\lib\ext"/>
    <property name="sun.boot.class.path" value="E:\Environment\Java\jdk-8\jre\lib\resources.jar;E:\Environment\Java\jdk-8\jre\lib\rt.jar;E:\Environment\Java\jdk-8\jre\lib\sunrsasign.jar;E:\Environment\Java\jdk-8\jre\lib\jsse.jar;E:\Environment\Java\jdk-8\jre\lib\jce.jar;E:\Environment\Java\jdk-8\jre\lib\charsets.jar;E:\Environment\Java\jdk-8\jre\lib\jfr.jar;E:\Environment\Java\jdk-8\jre\classes"/>
    <property name="java.vendor" value="Oracle Corporation"/>
    <property name="maven.home" value="E:\Environment\maven\apache-maven-3.5.2"/>
    <property name="file.separator" value="\"/>
    <property name="java.vendor.url.bug" value="http://bugreport.sun.com/bugreport/"/>
    <property name="sun.cpu.endian" value="little"/>
    <property name="sun.io.unicode.encoding" value="UnicodeLittle"/>
    <property name="sun.desktop" value="windows"/>
    <property name="sun.cpu.isalist" value="amd64"/>
  </properties>
  <testcase classname="test.util.StringTest" name="test.util.StringTest.testEmpty" time="0"/>
</testsuite>